<?xml version="1.0" encoding="UTF-8"?>
<!-- Generated by org.testng.reporters.JUnitXMLReporter -->
<testsuite ignored="0" hostname="THAMU" failures="0" tests="10" name="Test" time="518.605" errors="0" timestamp="2023-07-18T19:24:52 IST">
  <testcase classname="com.qa.testcases.LoginPageTest" name="@BeforeMethod setup" time="135.876">
    <failure type="org.openqa.selenium.WebDriverException" message="chrome not reachable
Build info: version: &amp;apos;3.14.0&amp;apos;, revision: &amp;apos;aacccce0&amp;apos;, time: &amp;apos;2018-08-02T20:19:58.91Z&amp;apos;
System info: host: &amp;apos;THAMU&amp;apos;, ip: &amp;apos;192.168.61.125&amp;apos;, os.name: &amp;apos;Windows 10&amp;apos;, os.arch: &amp;apos;amd64&amp;apos;, os.version: &amp;apos;10.0&amp;apos;, java.version: &amp;apos;17.0.5&amp;apos;
Driver info: driver.version: EdgeDriver
remote stacktrace: Backtrace:
	GetHandleVerifier [0x00007FF6E6C3AEC2+64226]
	Microsoft::Applications::Events::EventProperty::~EventProperty [0x00007FF6E6BCC082+765362]
	(No symbol) [0x00007FF6E698CAB0]
	(No symbol) [0x00007FF6E697C851]
	(No symbol) [0x00007FF6E69BFD77]
	(No symbol) [0x00007FF6E69BAD05]
	(No symbol) [0x00007FF6E69B65FA]
	(No symbol) [0x00007FF6E69F6D3A]
	(No symbol) [0x00007FF6E69EEDD3]
	(No symbol) [0x00007FF6E69C3BEC]
	(No symbol) [0x00007FF6E69C2DD6]
	(No symbol) [0x00007FF6E69C4364]
	Microsoft::Applications::Events::ILogManager::DispatchEventBroadcast [0x00007FF6E6E187C9+1319033]
	(No symbol) [0x00007FF6E6A3D2A8]
	Microsoft::Applications::Events::EventProperty::~EventProperty [0x00007FF6E6B195E1+33553]
	Microsoft::Applications::Events::EventProperty::~EventProperty [0x00007FF6E6B11A1F+1871]
	Microsoft::Applications::Events::ILogManager::DispatchEventBroadcast [0x00007FF6E6E173E3+1313939]
	Microsoft::Applications::Events::ILogConfiguration::operator* [0x00007FF6E6BD46B8+20232]
	Microsoft::Applications::Events::ILogConfiguration::operator* [0x00007FF6E6BD0CD4+5412]
	Microsoft::Applications::Events::ILogConfiguration::operator* [0x00007FF6E6BD0DCC+5660]
	Microsoft::Applications::Events::EventProperty::~EventProperty [0x00007FF6E6BC4A81+735153]
	BaseThreadInitThunk [0x00007FF989637614+20]
	RtlUserThreadStart [0x00007FF989E026A1+33]
">
      <![CDATA[org.openqa.selenium.WebDriverException: chrome not reachable
Build info: version: '3.14.0', revision: 'aacccce0', time: '2018-08-02T20:19:58.91Z'
System info: host: 'THAMU', ip: '192.168.61.125', os.name: 'Windows 10', os.arch: 'amd64', os.version: '10.0', java.version: '17.0.5'
Driver info: driver.version: EdgeDriver
remote stacktrace: Backtrace:
GetHandleVerifier [0x00007FF6E6C3AEC2+64226]
Microsoft::Applications::Events::EventProperty::~EventProperty [0x00007FF6E6BCC082+765362]
(No symbol) [0x00007FF6E698CAB0]
(No symbol) [0x00007FF6E697C851]
(No symbol) [0x00007FF6E69BFD77]
(No symbol) [0x00007FF6E69BAD05]
(No symbol) [0x00007FF6E69B65FA]
(No symbol) [0x00007FF6E69F6D3A]
(No symbol) [0x00007FF6E69EEDD3]
(No symbol) [0x00007FF6E69C3BEC]
(No symbol) [0x00007FF6E69C2DD6]
(No symbol) [0x00007FF6E69C4364]
Microsoft::Applications::Events::ILogManager::DispatchEventBroadcast [0x00007FF6E6E187C9+1319033]
(No symbol) [0x00007FF6E6A3D2A8]
Microsoft::Applications::Events::EventProperty::~EventProperty [0x00007FF6E6B195E1+33553]
Microsoft::Applications::Events::EventProperty::~EventProperty [0x00007FF6E6B11A1F+1871]
Microsoft::Applications::Events::ILogManager::DispatchEventBroadcast [0x00007FF6E6E173E3+1313939]
Microsoft::Applications::Events::ILogConfiguration::operator* [0x00007FF6E6BD46B8+20232]
Microsoft::Applications::Events::ILogConfiguration::operator* [0x00007FF6E6BD0CD4+5412]
Microsoft::Applications::Events::ILogConfiguration::operator* [0x00007FF6E6BD0DCC+5660]
Microsoft::Applications::Events::EventProperty::~EventProperty [0x00007FF6E6BC4A81+735153]
BaseThreadInitThunk [0x00007FF989637614+20]
RtlUserThreadStart [0x00007FF989E026A1+33]

at org.openqa.selenium.remote.W3CHandshakeResponse.lambda$new$0(W3CHandshakeResponse.java:57)
at org.openqa.selenium.remote.W3CHandshakeResponse.lambda$getResponseFunction$2(W3CHandshakeResponse.java:104)
at org.openqa.selenium.remote.ProtocolHandshake.lambda$createSession$0(ProtocolHandshake.java:122)
at java.base/java.util.stream.ReferencePipeline$3$1.accept(ReferencePipeline.java:197)
at java.base/java.util.Spliterators$ArraySpliterator.tryAdvance(Spliterators.java:1002)
at java.base/java.util.stream.ReferencePipeline.forEachWithCancel(ReferencePipeline.java:129)
at java.base/java.util.stream.AbstractPipeline.copyIntoWithCancel(AbstractPipeline.java:527)
at java.base/java.util.stream.AbstractPipeline.copyInto(AbstractPipeline.java:513)
at java.base/java.util.stream.AbstractPipeline.wrapAndCopyInto(AbstractPipeline.java:499)
at java.base/java.util.stream.FindOps$FindOp.evaluateSequential(FindOps.java:150)
at java.base/java.util.stream.AbstractPipeline.evaluate(AbstractPipeline.java:234)
at java.base/java.util.stream.ReferencePipeline.findFirst(ReferencePipeline.java:647)
at org.openqa.selenium.remote.ProtocolHandshake.createSession(ProtocolHandshake.java:125)
at org.openqa.selenium.remote.ProtocolHandshake.createSession(ProtocolHandshake.java:73)
at org.openqa.selenium.remote.HttpCommandExecutor.execute(HttpCommandExecutor.java:136)
at org.openqa.selenium.remote.service.DriverCommandExecutor.execute(DriverCommandExecutor.java:83)
at org.openqa.selenium.remote.RemoteWebDriver.execute(RemoteWebDriver.java:548)
at org.openqa.selenium.remote.RemoteWebDriver.startSession(RemoteWebDriver.java:212)
at org.openqa.selenium.remote.RemoteWebDriver.<init>(RemoteWebDriver.java:130)
at org.openqa.selenium.edge.EdgeDriver.<init>(EdgeDriver.java:141)
at org.openqa.selenium.edge.EdgeDriver.<init>(EdgeDriver.java:96)
at com.qa.base.Testbase.initialization(Testbase.java:38)
at com.qa.testcases.LoginPageTest.setup(LoginPageTest.java:24)
at java.base/java.util.ArrayList.forEach(ArrayList.java:1511)
... Removed 36 stack frames]]>
    </failure>
  </testcase> <!-- @BeforeMethod setup -->
  <testcase classname="com.qa.testcases.LoginPageTest" name="@AfterMethod teadDown" time="-1.689688110228E9">
    <skipped/>
  </testcase> <!-- @AfterMethod teadDown -->
  <testcase classname="com.qa.testcases.LoginPageTest" name="@BeforeMethod setup" time="-1.689688110233E9">
    <skipped/>
  </testcase> <!-- @BeforeMethod setup -->
  <testcase classname="com.qa.testcases.LoginPageTest" name="@AfterMethod teadDown" time="-1.689688110242E9">
    <skipped/>
  </testcase> <!-- @AfterMethod teadDown -->
  <testcase classname="com.qa.testcases.LoginPageTest" name="@BeforeMethod setup" time="-1.689688110244E9">
    <skipped/>
  </testcase> <!-- @BeforeMethod setup -->
  <testcase classname="com.qa.testcases.LoginPageTest" name="@AfterMethod teadDown" time="-1.689688110252E9">
    <skipped/>
  </testcase> <!-- @AfterMethod teadDown -->
  <testcase classname="com.qa.testcases.HomePageTest" name="@BeforeMethod setup" time="225.92">
    <failure type="org.openqa.selenium.WebDriverException" message="java.net.ConnectException: Failed to connect to localhost/[0:0:0:0:0:0:0:1]:15330
Build info: version: &amp;apos;3.14.0&amp;apos;, revision: &amp;apos;aacccce0&amp;apos;, time: &amp;apos;2018-08-02T20:19:58.91Z&amp;apos;
System info: host: &amp;apos;THAMU&amp;apos;, ip: &amp;apos;192.168.61.125&amp;apos;, os.name: &amp;apos;Windows 10&amp;apos;, os.arch: &amp;apos;amd64&amp;apos;, os.version: &amp;apos;10.0&amp;apos;, java.version: &amp;apos;17.0.5&amp;apos;
Driver info: driver.version: RemoteWebDriver">
      <![CDATA[org.openqa.selenium.WebDriverException: java.net.ConnectException: Failed to connect to localhost/[0:0:0:0:0:0:0:1]:15330
Build info: version: '3.14.0', revision: 'aacccce0', time: '2018-08-02T20:19:58.91Z'
System info: host: 'THAMU', ip: '192.168.61.125', os.name: 'Windows 10', os.arch: 'amd64', os.version: '10.0', java.version: '17.0.5'
Driver info: driver.version: RemoteWebDriver
at org.openqa.selenium.remote.service.DriverCommandExecutor.execute(DriverCommandExecutor.java:92)
at org.openqa.selenium.remote.RemoteWebDriver.execute(RemoteWebDriver.java:548)
at org.openqa.selenium.remote.RemoteWebDriver.execute(RemoteWebDriver.java:605)
at org.openqa.selenium.remote.RemoteWebDriver$RemoteWebDriverOptions$RemoteWindow.maximize(RemoteWebDriver.java:833)
at com.qa.base.Testbase.initialization(Testbase.java:45)
at com.qa.testcases.HomePageTest.setup(HomePageTest.java:29)
at java.base/java.util.ArrayList.forEach(ArrayList.java:1511)
Caused by: java.net.ConnectException: Failed to connect to localhost/[0:0:0:0:0:0:0:1]:15330
at okhttp3.internal.connection.RealConnection.connectSocket(RealConnection.java:242)
at okhttp3.internal.connection.RealConnection.connect(RealConnection.java:160)
at okhttp3.internal.connection.StreamAllocation.findConnection(StreamAllocation.java:257)
at okhttp3.internal.connection.StreamAllocation.findHealthyConnection(StreamAllocation.java:135)
at okhttp3.internal.connection.StreamAllocation.newStream(StreamAllocation.java:114)
at okhttp3.internal.connection.ConnectInterceptor.intercept(ConnectInterceptor.java:42)
at okhttp3.internal.http.RealInterceptorChain.proceed(RealInterceptorChain.java:147)
at okhttp3.internal.http.RealInterceptorChain.proceed(RealInterceptorChain.java:121)
at okhttp3.internal.cache.CacheInterceptor.intercept(CacheInterceptor.java:93)
at okhttp3.internal.http.RealInterceptorChain.proceed(RealInterceptorChain.java:147)
at okhttp3.internal.http.RealInterceptorChain.proceed(RealInterceptorChain.java:121)
at okhttp3.internal.http.BridgeInterceptor.intercept(BridgeInterceptor.java:93)
at okhttp3.internal.http.RealInterceptorChain.proceed(RealInterceptorChain.java:147)
at okhttp3.internal.http.RetryAndFollowUpInterceptor.intercept(RetryAndFollowUpInterceptor.java:126)
at okhttp3.internal.http.RealInterceptorChain.proceed(RealInterceptorChain.java:147)
at okhttp3.internal.http.RealInterceptorChain.proceed(RealInterceptorChain.java:121)
at okhttp3.RealCall.getResponseWithInterceptorChain(RealCall.java:200)
at okhttp3.RealCall.execute(RealCall.java:77)
at org.openqa.selenium.remote.internal.OkHttpClient.execute(OkHttpClient.java:105)
at org.openqa.selenium.remote.HttpCommandExecutor.execute(HttpCommandExecutor.java:155)
at org.openqa.selenium.remote.service.DriverCommandExecutor.execute(DriverCommandExecutor.java:83)
... 37 more
Caused by: java.net.ConnectException: Connection refused: no further information
at java.base/sun.nio.ch.Net.pollConnect(Native Method)
at java.base/sun.nio.ch.Net.pollConnectNow(Net.java:672)
at java.base/sun.nio.ch.NioSocketImpl.timedFinishConnect(NioSocketImpl.java:542)
at java.base/sun.nio.ch.NioSocketImpl.connect(NioSocketImpl.java:597)
at java.base/java.net.SocksSocketImpl.connect(SocksSocketImpl.java:327)
at java.base/java.net.Socket.connect(Socket.java:633)
at okhttp3.internal.platform.Platform.connectSocket(Platform.java:129)
at okhttp3.internal.connection.RealConnection.connectSocket(RealConnection.java:240)
... 57 more
... Removed 31 stack frames]]>
    </failure>
  </testcase> <!-- @BeforeMethod setup -->
  <testcase classname="com.qa.testcases.HomePageTest" name="@AfterMethod tearDown" time="-1.689688336189E9">
    <skipped/>
  </testcase> <!-- @AfterMethod tearDown -->
  <testcase classname="com.qa.testcases.HomePageTest" name="@BeforeMethod setup" time="-1.689688336193E9">
    <skipped/>
  </testcase> <!-- @BeforeMethod setup -->
  <testcase classname="com.qa.testcases.HomePageTest" name="@AfterMethod tearDown" time="-1.689688336201E9">
    <skipped/>
  </testcase> <!-- @AfterMethod tearDown -->
  <testcase classname="com.qa.testcases.HomePageTest" name="@BeforeMethod setup" time="-1.689688336205E9">
    <skipped/>
  </testcase> <!-- @BeforeMethod setup -->
  <testcase classname="com.qa.testcases.HomePageTest" name="@AfterMethod tearDown" time="-1.689688336216E9">
    <skipped/>
  </testcase> <!-- @AfterMethod tearDown -->
  <testcase classname="com.qa.testcases.HomePageTest" name="@BeforeMethod setup" time="-1.689688336219E9">
    <skipped/>
  </testcase> <!-- @BeforeMethod setup -->
  <testcase classname="com.qa.testcases.HomePageTest" name="@AfterMethod tearDown" time="-1.689688336232E9">
    <skipped/>
  </testcase> <!-- @AfterMethod tearDown -->
  <testcase classname="com.qa.testcases.LoginPageTest" name="loginpageTitleTest" time="0.0">
    <skipped/>
  </testcase> <!-- loginpageTitleTest -->
  <testcase classname="com.qa.testcases.LoginPageTest" name="crmimageLogoTest" time="0.0">
    <skipped/>
  </testcase> <!-- crmimageLogoTest -->
  <testcase classname="com.qa.testcases.LoginPageTest" name="LoginTest" time="0.0">
    <skipped/>
  </testcase> <!-- LoginTest -->
  <testcase classname="com.qa.testcases.HomePageTest" name="VerifyHomepageTitleTest" time="0.0">
    <skipped/>
  </testcase> <!-- VerifyHomepageTitleTest -->
  <testcase classname="com.qa.testcases.HomePageTest" name="UserNameLabelTest" time="0.0">
    <skipped/>
  </testcase> <!-- UserNameLabelTest -->
  <testcase classname="com.qa.testcases.HomePageTest" name="verifycontactlinkTest" time="0.0">
    <skipped/>
  </testcase> <!-- verifycontactlinkTest -->
  <testcase classname="com.qa.testcases.HomePageTest" name="clickonDealsTest" time="0.0">
    <skipped/>
  </testcase> <!-- clickonDealsTest -->
  <testcase classname="com.qa.testcases.ContactPageTest" name="contactPagelabelTest" time="0.428"/>
  <testcase classname="com.qa.testcases.ContactPageTest" name="createNewContact" time="0.598"/>
  <testcase classname="com.qa.testcases.CreateNewContactPageTest" name="createNewContact" time="2.717"/>
</testsuite> <!-- Test -->
